<?xml version="1.0" encoding="UTF-8"?>
<testng-results ignored="0" total="1" passed="1" failed="0" skipped="0">
  <reporter-output>
  </reporter-output>
  <suite started-at="2025-09-02T14:19:39 IST" name="Default suite" finished-at="2025-09-02T14:20:18 IST" duration-ms="38498">
    <groups>
    </groups>
    <test started-at="2025-09-02T14:19:39 IST" name="Default test" finished-at="2025-09-02T14:20:18 IST" duration-ms="38498">
      <class name="Appium_Introduction.LongPress">
        <test-method is-config="true" signature="configureAppium()[pri:0, instance:Appium_Introduction.LongPress@22555ebf]" started-at="2025-09-02T14:19:39 IST" name="configureAppium" finished-at="2025-09-02T14:20:01 IST" duration-ms="22082" status="PASS">
          <reporter-output>
          </reporter-output>
        </test-method> <!-- configureAppium -->
        <test-method signature="longPess_Gesture()[pri:0, instance:Appium_Introduction.LongPress@22555ebf]" started-at="2025-09-02T14:20:01 IST" name="longPess_Gesture" finished-at="2025-09-02T14:20:16 IST" duration-ms="14507" status="PASS">
          <reporter-output>
          </reporter-output>
        </test-method> <!-- longPess_Gesture -->
        <test-method is-config="true" signature="tearDown()[pri:0, instance:Appium_Introduction.LongPress@22555ebf]" started-at="2025-09-02T14:20:16 IST" name="tearDown" finished-at="2025-09-02T14:20:18 IST" duration-ms="1758" status="PASS">
          <reporter-output>
          </reporter-output>
        </test-method> <!-- tearDown -->
      </class> <!-- Appium_Introduction.LongPress -->
    </test> <!-- Default test -->
  </suite> <!-- Default suite -->
</testng-results>
